<?xml version="1.0" encoding="UTF-8"?>
<!-- Generated by org.testng.reporters.JUnitReportReporter -->
<testsuite hostname="Alexey-ПК" name="ru.st.auth.tests.AuthTest" tests="1" failures="0" timestamp="30 Nov 2015 21:52:54 GMT" time="56.925" errors="0">
  <testcase name="authorization" time="56.925" classname="ru.st.auth.tests.AuthTest"/>
</testsuite> <!-- ru.st.auth.tests.AuthTest -->
