<?xml version="1.0" encoding="UTF-8"?>
<!-- Generated by org.testng.reporters.JUnitReportReporter -->
<testsuite hostname="User-ПК" name="ru.ct.auth.tests.RegistrationNegativeTest" tests="5" failures="0" timestamp="8 Dec 2015 11:39:32 GMT" time="54.442" errors="0">
  <testcase name="negativeRegistrationTests" time="3.162" classname="ru.ct.auth.tests.RegistrationNegativeTest"/>
  <testcase name="negativeRegistrationTests" time="5.223" classname="ru.ct.auth.tests.RegistrationNegativeTest"/>
  <testcase name="negativeRegistrationTests" time="4.135" classname="ru.ct.auth.tests.RegistrationNegativeTest"/>
  <testcase name="negativeRegistrationTests" time="37.559" classname="ru.ct.auth.tests.RegistrationNegativeTest"/>
  <testcase name="negativeRegistrationTests" time="4.363" classname="ru.ct.auth.tests.RegistrationNegativeTest"/>
</testsuite> <!-- ru.ct.auth.tests.RegistrationNegativeTest -->
