<?xml version="1.0" encoding="UTF-8"?>
<!-- Generated by org.testng.reporters.JUnitReportReporter -->
<testsuite hostname="Alexey-ПК" name="com.example.test.OneTest" tests="1" failures="0" timestamp="30 Nov 2015 21:17:34 GMT" time="0.010" errors="0">
  <testcase name="testMethodOne" time="0.010" classname="com.example.test.OneTest"/>
</testsuite> <!-- com.example.test.OneTest -->
