<?xml version="1.0" encoding="UTF-8"?>
<!-- Generated by org.testng.reporters.JUnitReportReporter -->
<testsuite hostname="User-ПК" name="ru.ct.auth.tests.AuthTest" tests="1" failures="0" timestamp="4 Dec 2015 09:53:10 GMT" time="29.803" errors="0">
  <testcase name="authorization" time="29.803" classname="ru.ct.auth.tests.AuthTest"/>
</testsuite> <!-- ru.ct.auth.tests.AuthTest -->
