<?xml version="1.0" encoding="UTF-8"?>
<!-- Generated by org.testng.reporters.JUnitReportReporter -->
<testsuite hostname="User-ПК" name="ru.ct.auth.tests.AuthTestTwo" tests="1" failures="0" timestamp="7 Dec 2015 07:42:03 GMT" time="7.698" errors="0">
  <testcase name="simpleTest" time="7.698" classname="ru.ct.auth.tests.AuthTestTwo"/>
</testsuite> <!-- ru.ct.auth.tests.AuthTestTwo -->
