<?xml version="1.0" encoding="UTF-8"?>
<!-- Generated by org.testng.reporters.JUnitReportReporter -->
<testsuite hostname="User-ПК" name="ru.ct.auth.tests.AuthDataProvTest" tests="3" failures="0" timestamp="3 Dec 2015 15:27:57 GMT" time="52.293" errors="0">
  <testcase name="testAuthGenerator" time="24.777" classname="ru.ct.auth.tests.AuthDataProvTest"/>
  <testcase name="testAuthGenerator" time="17.262" classname="ru.ct.auth.tests.AuthDataProvTest"/>
  <testcase name="testAuthGenerator" time="10.254" classname="ru.ct.auth.tests.AuthDataProvTest"/>
</testsuite> <!-- ru.ct.auth.tests.AuthDataProvTest -->
