<?xml version="1.0" encoding="UTF-8"?>
<!-- Generated by org.testng.reporters.JUnitReportReporter -->
<testsuite hostname="User-ПК" name="ru.ct.pages.tests.PagesDataProvTest" tests="2" failures="0" timestamp="3 Dec 2015 15:44:32 GMT" time="284.814" errors="0">
  <testcase name="find500ErrorsOnPagesTest" time="128.208" classname="ru.ct.pages.tests.PagesDataProvTest"/>
  <testcase name="find500ErrorsOnPagesTest" time="156.606" classname="ru.ct.pages.tests.PagesDataProvTest"/>
</testsuite> <!-- ru.ct.pages.tests.PagesDataProvTest -->
